# JRE version: Java(TM) SE Runtime Environment (17.0.2+8) (build 17.0.2+8-LTS-86)
# Java VM: Java HotSpot(TM) 64-Bit Server VM (17.0.2+8-LTS-86, mixed mode, sharing, tiered, compressed oops, compressed class ptrs, g1 gc, windows-amd64)
GC Precious Log:
 CPUs: 4 total, 4 available
 Memory: 8107M
 Large Page Support: Disabled
 NUMA Support: Disabled
 Compressed Oops: Enabled (32-bit)
 Heap Region Size: 1M
 Heap Min Capacity: 8M
 Heap Initial Capacity: 128M
 Heap Max Capacity: 2028M
 Pre-touch: Disabled
 Parallel Workers: 4
 Concurrent Workers: 1
 Concurrent Refinement Workers: 4
 Periodic GC: Disabled
Heap:
 garbage-first heap   total 66560K, used 38991K [0x0000000081400000, 0x0000000100000000)
  region size 1024K, 1 young (1024K), 1 survivors (1024K)
 Metaspace       used 41214K, committed 41600K, reserved 1089536K
  class space    used 4832K, committed 4992K, reserved 1048576K
GC Heap History (20 events):
Event: 197.514 GC heap after
{Heap after GC invocations=9 (full 0):
 garbage-first heap   total 40960K, used 16412K [0x0000000081400000, 0x0000000100000000)
  region size 1024K, 3 young (3072K), 3 survivors (3072K)
 Metaspace       used 35646K, committed 35968K, reserved 1081344K
  class space    used 4442K, committed 4608K, reserved 1048576K
}
Event: 197.959 GC heap before
{Heap before GC invocations=10 (full 0):
 garbage-first heap   total 40960K, used 28700K [0x0000000081400000, 0x0000000100000000)
  region size 1024K, 15 young (15360K), 3 survivors (3072K)
 Metaspace       used 37806K, committed 38144K, reserved 1089536K
  class space    used 4795K, committed 4928K, reserved 1048576K
}
Event: 197.969 GC heap after
{Heap after GC invocations=11 (full 0):
 garbage-first heap   total 58368K, used 18056K [0x0000000081400000, 0x0000000100000000)
  region size 1024K, 2 young (2048K), 2 survivors (2048K)
 Metaspace       used 37806K, committed 38144K, reserved 1089536K
  class space    used 4795K, committed 4928K, reserved 1048576K
}
Event: 198.089 GC heap before
{Heap before GC invocations=11 (full 0):
 garbage-first heap   total 58368K, used 19080K [0x0000000081400000, 0x0000000100000000)
  region size 1024K, 3 young (3072K), 2 survivors (2048K)
 Metaspace       used 37949K, committed 38272K, reserved 1089536K
  class space    used 4799K, committed 4928K, reserved 1048576K
}
Event: 198.095 GC heap after
{Heap after GC invocations=12 (full 0):
 garbage-first heap   total 58368K, used 18112K [0x0000000081400000, 0x0000000100000000)
  region size 1024K, 1 young (1024K), 1 survivors (1024K)
 Metaspace       used 37949K, committed 38272K, reserved 1089536K
  class space    used 4799K, committed 4928K, reserved 1048576K
}
Event: 202.250 GC heap before
{Heap before GC invocations=12 (full 0):
 garbage-first heap   total 58368K, used 41664K [0x0000000081400000, 0x0000000100000000)
  region size 1024K, 24 young (24576K), 1 survivors (1024K)
 Metaspace       used 39381K, committed 39744K, reserved 1089536K
  class space    used 4807K, committed 4928K, reserved 1048576K
}
Event: 202.252 GC heap after
{Heap after GC invocations=13 (full 0):
 garbage-first heap   total 58368K, used 18920K [0x0000000081400000, 0x0000000100000000)
  region size 1024K, 2 young (2048K), 2 survivors (2048K)
 Metaspace       used 39381K, committed 39744K, reserved 1089536K
  class space    used 4807K, committed 4928K, reserved 1048576K
}
Event: 206.611 GC heap before
{Heap before GC invocations=13 (full 0):
 garbage-first heap   total 58368K, used 41448K [0x0000000081400000, 0x0000000100000000)
  region size 1024K, 25 young (25600K), 2 survivors (2048K)
 Metaspace       used 40106K, committed 40448K, reserved 1089536K
  class space    used 4843K, committed 4992K, reserved 1048576K
}
Event: 206.615 GC heap after
{Heap after GC invocations=14 (full 0):
 garbage-first heap   total 58368K, used 19336K [0x0000000081400000, 0x0000000100000000)
  region size 1024K, 2 young (2048K), 2 survivors (2048K)
 Metaspace       used 40106K, committed 40448K, reserved 1089536K
  class space    used 4843K, committed 4992K, reserved 1048576K
}
Event: 208.481 GC heap before
{Heap before GC invocations=14 (full 0):
 garbage-first heap   total 58368K, used 43912K [0x0000000081400000, 0x0000000100000000)
  region size 1024K, 26 young (26624K), 2 survivors (2048K)
 Metaspace       used 40506K, committed 40832K, reserved 1089536K
  class space    used 4846K, committed 4992K, reserved 1048576K
}
Event: 208.485 GC heap after
{Heap after GC invocations=15 (full 0):
 garbage-first heap   total 58368K, used 19641K [0x0000000081400000, 0x0000000100000000)
  region size 1024K, 2 young (2048K), 2 survivors (2048K)
 Metaspace       used 40506K, committed 40832K, reserved 1089536K
  class space    used 4846K, committed 4992K, reserved 1048576K
}
Event: 222.309 GC heap before
{Heap before GC invocations=15 (full 0):
 garbage-first heap   total 58368K, used 45241K [0x0000000081400000, 0x0000000100000000)
  region size 1024K, 27 young (27648K), 2 survivors (2048K)
 Metaspace       used 40788K, committed 41152K, reserved 1089536K
  class space    used 4847K, committed 4992K, reserved 1048576K
}
Event: 222.334 GC heap after
{Heap after GC invocations=16 (full 0):
 garbage-first heap   total 58368K, used 25789K [0x0000000081400000, 0x0000000100000000)
  region size 1024K, 4 young (4096K), 4 survivors (4096K)
 Metaspace       used 40788K, committed 41152K, reserved 1089536K
  class space    used 4847K, committed 4992K, reserved 1048576K
}
Event: 222.519 GC heap before
{Heap before GC invocations=16 (full 0):
 garbage-first heap   total 58368K, used 42173K [0x0000000081400000, 0x0000000100000000)
  region size 1024K, 20 young (20480K), 4 survivors (4096K)
 Metaspace       used 41009K, committed 41344K, reserved 1089536K
  class space    used 4847K, committed 4992K, reserved 1048576K
}
Event: 222.525 GC heap after
{Heap after GC invocations=17 (full 0):
 garbage-first heap   total 58368K, used 29548K [0x0000000081400000, 0x0000000100000000)
  region size 1024K, 3 young (3072K), 3 survivors (3072K)
 Metaspace       used 41009K, committed 41344K, reserved 1089536K
  class space    used 4847K, committed 4992K, reserved 1048576K
}
Event: 222.672 GC heap before
{Heap before GC invocations=17 (full 0):
 garbage-first heap   total 58368K, used 42860K [0x0000000081400000, 0x0000000100000000)
  region size 1024K, 16 young (16384K), 3 survivors (3072K)
 Metaspace       used 41065K, committed 41408K, reserved 1089536K
  class space    used 4847K, committed 4992K, reserved 1048576K
}
Event: 222.677 GC heap after
{Heap after GC invocations=18 (full 0):
 garbage-first heap   total 58368K, used 35018K [0x0000000081400000, 0x0000000100000000)
  region size 1024K, 2 young (2048K), 2 survivors (2048K)
 Metaspace       used 41065K, committed 41408K, reserved 1089536K
  class space    used 4847K, committed 4992K, reserved 1048576K
}
Event: 222.977 GC heap before
{Heap before GC invocations=19 (full 0):
 garbage-first heap   total 66560K, used 43210K [0x0000000081400000, 0x0000000100000000)
  region size 1024K, 10 young (10240K), 2 survivors (2048K)
 Metaspace       used 41096K, committed 41408K, reserved 1089536K
  class space    used 4832K, committed 4992K, reserved 1048576K
}
Event: 222.981 GC heap after
{Heap after GC invocations=20 (full 0):
 garbage-first heap   total 66560K, used 37888K [0x0000000081400000, 0x0000000100000000)
  region size 1024K, 2 young (2048K), 2 survivors (2048K)
 Metaspace       used 41096K, committed 41408K, reserved 1089536K
  class space    used 4832K, committed 4992K, reserved 1048576K
}
Event: 223.142 GC heap before
{Heap before GC invocations=20 (full 0):
 garbage-first heap   total 66560K, used 49152K [0x0000000081400000, 0x0000000100000000)
  region size 1024K, 13 young (13312K), 2 survivors (2048K)
 Metaspace       used 41214K, committed 41600K, reserved 1089536K
  class space    used 4832K, committed 4992K, reserved 1048576K
}

