# JRE version: Java(TM) SE Runtime Environment (17.0.2+8) (build 17.0.2+8-LTS-86)
# Java VM: Java HotSpot(TM) 64-Bit Server VM (17.0.2+8-LTS-86, mixed mode, sharing, tiered, compressed oops, compressed class ptrs, g1 gc, windows-amd64)
GC Precious Log:
 CPUs: 4 total, 4 available
 Memory: 8103M
 Large Page Support: Disabled
 NUMA Support: Disabled
 Compressed Oops: Enabled (32-bit)
 Heap Region Size: 1M
 Heap Min Capacity: 8M
 Heap Initial Capacity: 128M
 Heap Max Capacity: 2026M
 Pre-touch: Disabled
 Parallel Workers: 4
 Concurrent Workers: 1
 Concurrent Refinement Workers: 4
 Periodic GC: Disabled
Heap:
 garbage-first heap   total 40960K, used 25316K [0x0000000081600000, 0x0000000100000000)
  region size 1024K, 9 young (9216K), 2 survivors (2048K)
 Metaspace       used 39530K, committed 39808K, reserved 1089536K
  class space    used 4541K, committed 4672K, reserved 1048576K
GC Heap History (20 events):
Event: 76.140 GC heap before
{Heap before GC invocations=12 (full 0):
 garbage-first heap   total 40960K, used 30523K [0x0000000081600000, 0x0000000100000000)
  region size 1024K, 14 young (14336K), 1 survivors (1024K)
 Metaspace       used 37669K, committed 38016K, reserved 1089536K
  class space    used 4528K, committed 4672K, reserved 1048576K
}
Event: 76.142 GC heap after
{Heap after GC invocations=13 (full 0):
 garbage-first heap   total 40960K, used 17545K [0x0000000081600000, 0x0000000100000000)
  region size 1024K, 1 young (1024K), 1 survivors (1024K)
 Metaspace       used 37669K, committed 38016K, reserved 1089536K
  class space    used 4528K, committed 4672K, reserved 1048576K
}
Event: 76.735 GC heap before
{Heap before GC invocations=13 (full 0):
 garbage-first heap   total 40960K, used 31881K [0x0000000081600000, 0x0000000100000000)
  region size 1024K, 15 young (15360K), 1 survivors (1024K)
 Metaspace       used 38018K, committed 38336K, reserved 1089536K
  class space    used 4537K, committed 4672K, reserved 1048576K
}
Event: 76.738 GC heap after
{Heap after GC invocations=14 (full 0):
 garbage-first heap   total 40960K, used 17794K [0x0000000081600000, 0x0000000100000000)
  region size 1024K, 1 young (1024K), 1 survivors (1024K)
 Metaspace       used 38018K, committed 38336K, reserved 1089536K
  class space    used 4537K, committed 4672K, reserved 1048576K
}
Event: 77.347 GC heap before
{Heap before GC invocations=14 (full 0):
 garbage-first heap   total 40960K, used 32130K [0x0000000081600000, 0x0000000100000000)
  region size 1024K, 15 young (15360K), 1 survivors (1024K)
 Metaspace       used 38278K, committed 38592K, reserved 1089536K
  class space    used 4537K, committed 4672K, reserved 1048576K
}
Event: 77.349 GC heap after
{Heap after GC invocations=15 (full 0):
 garbage-first heap   total 40960K, used 17948K [0x0000000081600000, 0x0000000100000000)
  region size 1024K, 2 young (2048K), 2 survivors (2048K)
 Metaspace       used 38278K, committed 38592K, reserved 1089536K
  class space    used 4537K, committed 4672K, reserved 1048576K
}
Event: 77.838 GC heap before
{Heap before GC invocations=15 (full 0):
 garbage-first heap   total 40960K, used 31260K [0x0000000081600000, 0x0000000100000000)
  region size 1024K, 15 young (15360K), 2 survivors (2048K)
 Metaspace       used 38516K, committed 38848K, reserved 1089536K
  class space    used 4541K, committed 4672K, reserved 1048576K
}
Event: 77.842 GC heap after
{Heap after GC invocations=16 (full 0):
 garbage-first heap   total 40960K, used 18152K [0x0000000081600000, 0x0000000100000000)
  region size 1024K, 2 young (2048K), 2 survivors (2048K)
 Metaspace       used 38516K, committed 38848K, reserved 1089536K
  class space    used 4541K, committed 4672K, reserved 1048576K
}
Event: 78.344 GC heap before
{Heap before GC invocations=16 (full 0):
 garbage-first heap   total 40960K, used 32488K [0x0000000081600000, 0x0000000100000000)
  region size 1024K, 16 young (16384K), 2 survivors (2048K)
 Metaspace       used 38680K, committed 38976K, reserved 1089536K
  class space    used 4541K, committed 4672K, reserved 1048576K
}
Event: 78.346 GC heap after
{Heap after GC invocations=17 (full 0):
 garbage-first heap   total 40960K, used 18338K [0x0000000081600000, 0x0000000100000000)
  region size 1024K, 2 young (2048K), 2 survivors (2048K)
 Metaspace       used 38680K, committed 38976K, reserved 1089536K
  class space    used 4541K, committed 4672K, reserved 1048576K
}
Event: 78.900 GC heap before
{Heap before GC invocations=17 (full 0):
 garbage-first heap   total 40960K, used 32674K [0x0000000081600000, 0x0000000100000000)
  region size 1024K, 16 young (16384K), 2 survivors (2048K)
 Metaspace       used 38996K, committed 39360K, reserved 1089536K
  class space    used 4541K, committed 4672K, reserved 1048576K
}
Event: 78.904 GC heap after
{Heap after GC invocations=18 (full 0):
 garbage-first heap   total 40960K, used 18582K [0x0000000081600000, 0x0000000100000000)
  region size 1024K, 2 young (2048K), 2 survivors (2048K)
 Metaspace       used 38996K, committed 39360K, reserved 1089536K
  class space    used 4541K, committed 4672K, reserved 1048576K
}
Event: 79.453 GC heap before
{Heap before GC invocations=18 (full 0):
 garbage-first heap   total 40960K, used 32918K [0x0000000081600000, 0x0000000100000000)
  region size 1024K, 16 young (16384K), 2 survivors (2048K)
 Metaspace       used 39049K, committed 39360K, reserved 1089536K
  class space    used 4541K, committed 4672K, reserved 1048576K
}
Event: 79.455 GC heap after
{Heap after GC invocations=19 (full 0):
 garbage-first heap   total 40960K, used 18711K [0x0000000081600000, 0x0000000100000000)
  region size 1024K, 2 young (2048K), 2 survivors (2048K)
 Metaspace       used 39049K, committed 39360K, reserved 1089536K
  class space    used 4541K, committed 4672K, reserved 1048576K
}
Event: 79.960 GC heap before
{Heap before GC invocations=19 (full 0):
 garbage-first heap   total 40960K, used 32023K [0x0000000081600000, 0x0000000100000000)
  region size 1024K, 15 young (15360K), 2 survivors (2048K)
 Metaspace       used 39289K, committed 39616K, reserved 1089536K
  class space    used 4541K, committed 4672K, reserved 1048576K
}
Event: 79.962 GC heap after
{Heap after GC invocations=20 (full 0):
 garbage-first heap   total 40960K, used 18898K [0x0000000081600000, 0x0000000100000000)
  region size 1024K, 2 young (2048K), 2 survivors (2048K)
 Metaspace       used 39289K, committed 39616K, reserved 1089536K
  class space    used 4541K, committed 4672K, reserved 1048576K
}
Event: 80.722 GC heap before
{Heap before GC invocations=20 (full 0):
 garbage-first heap   total 40960K, used 32210K [0x0000000081600000, 0x0000000100000000)
  region size 1024K, 15 young (15360K), 2 survivors (2048K)
 Metaspace       used 39320K, committed 39616K, reserved 1089536K
  class space    used 4541K, committed 4672K, reserved 1048576K
}
Event: 80.724 GC heap after
{Heap after GC invocations=21 (full 0):
 garbage-first heap   total 40960K, used 19088K [0x0000000081600000, 0x0000000100000000)
  region size 1024K, 2 young (2048K), 2 survivors (2048K)
 Metaspace       used 39320K, committed 39616K, reserved 1089536K
  class space    used 4541K, committed 4672K, reserved 1048576K
}
Event: 81.282 GC heap before
{Heap before GC invocations=21 (full 0):
 garbage-first heap   total 40960K, used 32400K [0x0000000081600000, 0x0000000100000000)
  region size 1024K, 15 young (15360K), 2 survivors (2048K)
 Metaspace       used 39370K, committed 39680K, reserved 1089536K
  class space    used 4541K, committed 4672K, reserved 1048576K
}
Event: 81.284 GC heap after
{Heap after GC invocations=22 (full 0):
 garbage-first heap   total 40960K, used 19172K [0x0000000081600000, 0x0000000100000000)
  region size 1024K, 2 young (2048K), 2 survivors (2048K)
 Metaspace       used 39370K, committed 39680K, reserved 1089536K
  class space    used 4541K, committed 4672K, reserved 1048576K
}

