# JRE version: Java(TM) SE Runtime Environment (17.0.2+8) (build 17.0.2+8-LTS-86)
# Java VM: Java HotSpot(TM) 64-Bit Server VM (17.0.2+8-LTS-86, mixed mode, sharing, tiered, compressed oops, compressed class ptrs, g1 gc, windows-amd64)
GC Precious Log:
 CPUs: 4 total, 4 available
 Memory: 8107M
 Large Page Support: Disabled
 NUMA Support: Disabled
 Compressed Oops: Enabled (32-bit)
 Heap Region Size: 1M
 Heap Min Capacity: 8M
 Heap Initial Capacity: 128M
 Heap Max Capacity: 2028M
 Pre-touch: Disabled
 Parallel Workers: 4
 Concurrent Workers: 1
 Concurrent Refinement Workers: 4
 Periodic GC: Disabled
Heap:
 garbage-first heap   total 299008K, used 155545K [0x0000000081400000, 0x0000000100000000)
  region size 1024K, 76 young (77824K), 7 survivors (7168K)
 Metaspace       used 45607K, committed 45952K, reserved 1089536K
  class space    used 5206K, committed 5376K, reserved 1048576K
GC Heap History (20 events):
Event: 1964.028 GC heap before
{Heap before GC invocations=36 (full 0):
 garbage-first heap   total 124928K, used 102804K [0x0000000081400000, 0x0000000100000000)
  region size 1024K, 49 young (50176K), 2 survivors (2048K)
 Metaspace       used 44303K, committed 44672K, reserved 1089536K
  class space    used 5085K, committed 5312K, reserved 1048576K
}
Event: 1964.031 GC heap after
{Heap after GC invocations=37 (full 0):
 garbage-first heap   total 124928K, used 57255K [0x0000000081400000, 0x0000000100000000)
  region size 1024K, 4 young (4096K), 4 survivors (4096K)
 Metaspace       used 44303K, committed 44672K, reserved 1089536K
  class space    used 5085K, committed 5312K, reserved 1048576K
}
Event: 1964.316 GC heap before
{Heap before GC invocations=37 (full 0):
 garbage-first heap   total 124928K, used 104359K [0x0000000081400000, 0x0000000100000000)
  region size 1024K, 50 young (51200K), 4 survivors (4096K)
 Metaspace       used 44376K, committed 44736K, reserved 1089536K
  class space    used 5087K, committed 5312K, reserved 1048576K
}
Event: 1964.322 GC heap after
{Heap after GC invocations=38 (full 0):
 garbage-first heap   total 299008K, used 58869K [0x0000000081400000, 0x0000000100000000)
  region size 1024K, 5 young (5120K), 5 survivors (5120K)
 Metaspace       used 44376K, committed 44736K, reserved 1089536K
  class space    used 5087K, committed 5312K, reserved 1048576K
}
Event: 1964.890 GC heap before
{Heap before GC invocations=38 (full 0):
 garbage-first heap   total 299008K, used 232949K [0x0000000081400000, 0x0000000100000000)
  region size 1024K, 175 young (179200K), 5 survivors (5120K)
 Metaspace       used 44427K, committed 44800K, reserved 1089536K
  class space    used 5087K, committed 5312K, reserved 1048576K
}
Event: 1964.895 GC heap after
{Heap after GC invocations=39 (full 0):
 garbage-first heap   total 299008K, used 64204K [0x0000000081400000, 0x0000000100000000)
  region size 1024K, 10 young (10240K), 10 survivors (10240K)
 Metaspace       used 44427K, committed 44800K, reserved 1089536K
  class space    used 5087K, committed 5312K, reserved 1048576K
}
Event: 1969.725 GC heap before
{Heap before GC invocations=39 (full 0):
 garbage-first heap   total 299008K, used 233164K [0x0000000081400000, 0x0000000100000000)
  region size 1024K, 175 young (179200K), 10 survivors (10240K)
 Metaspace       used 44566K, committed 44928K, reserved 1089536K
  class space    used 5087K, committed 5312K, reserved 1048576K
}
Event: 1969.729 GC heap after
{Heap after GC invocations=40 (full 0):
 garbage-first heap   total 299008K, used 63180K [0x0000000081400000, 0x0000000100000000)
  region size 1024K, 9 young (9216K), 9 survivors (9216K)
 Metaspace       used 44566K, committed 44928K, reserved 1089536K
  class space    used 5087K, committed 5312K, reserved 1048576K
}
Event: 1970.070 GC heap before
{Heap before GC invocations=40 (full 0):
 garbage-first heap   total 299008K, used 233164K [0x0000000081400000, 0x0000000100000000)
  region size 1024K, 175 young (179200K), 9 survivors (9216K)
 Metaspace       used 44568K, committed 44928K, reserved 1089536K
  class space    used 5087K, committed 5312K, reserved 1048576K
}
Event: 1970.077 GC heap after
{Heap after GC invocations=41 (full 0):
 garbage-first heap   total 299008K, used 68107K [0x0000000081400000, 0x0000000100000000)
  region size 1024K, 14 young (14336K), 14 survivors (14336K)
 Metaspace       used 44568K, committed 44928K, reserved 1089536K
  class space    used 5087K, committed 5312K, reserved 1048576K
}
Event: 1970.414 GC heap before
{Heap before GC invocations=41 (full 0):
 garbage-first heap   total 299008K, used 232971K [0x0000000081400000, 0x0000000100000000)
  region size 1024K, 175 young (179200K), 14 survivors (14336K)
 Metaspace       used 44611K, committed 44992K, reserved 1089536K
  class space    used 5087K, committed 5312K, reserved 1048576K
}
Event: 1970.426 GC heap after
{Heap after GC invocations=42 (full 0):
 garbage-first heap   total 299008K, used 73222K [0x0000000081400000, 0x0000000100000000)
  region size 1024K, 17 young (17408K), 17 survivors (17408K)
 Metaspace       used 44611K, committed 44992K, reserved 1089536K
  class space    used 5087K, committed 5312K, reserved 1048576K
}
Event: 1971.435 GC heap before
{Heap before GC invocations=42 (full 0):
 garbage-first heap   total 299008K, used 235014K [0x0000000081400000, 0x0000000100000000)
  region size 1024K, 175 young (179200K), 17 survivors (17408K)
 Metaspace       used 44612K, committed 45056K, reserved 1089536K
  class space    used 5087K, committed 5312K, reserved 1048576K
}
Event: 1971.444 GC heap after
{Heap after GC invocations=43 (full 0):
 garbage-first heap   total 299008K, used 75689K [0x0000000081400000, 0x0000000100000000)
  region size 1024K, 16 young (16384K), 16 survivors (16384K)
 Metaspace       used 44612K, committed 45056K, reserved 1089536K
  class space    used 5087K, committed 5312K, reserved 1048576K
}
Event: 1974.408 GC heap before
{Heap before GC invocations=43 (full 0):
 garbage-first heap   total 299008K, used 238505K [0x0000000081400000, 0x0000000100000000)
  region size 1024K, 175 young (179200K), 16 survivors (16384K)
 Metaspace       used 44615K, committed 45056K, reserved 1089536K
  class space    used 5087K, committed 5312K, reserved 1048576K
}
Event: 1974.412 GC heap after
{Heap after GC invocations=44 (full 0):
 garbage-first heap   total 299008K, used 71600K [0x0000000081400000, 0x0000000100000000)
  region size 1024K, 10 young (10240K), 10 survivors (10240K)
 Metaspace       used 44615K, committed 45056K, reserved 1089536K
  class space    used 5087K, committed 5312K, reserved 1048576K
}
Event: 1977.265 GC heap before
{Heap before GC invocations=44 (full 0):
 garbage-first heap   total 299008K, used 240560K [0x0000000081400000, 0x0000000100000000)
  region size 1024K, 175 young (179200K), 10 survivors (10240K)
 Metaspace       used 44615K, committed 45056K, reserved 1089536K
  class space    used 5087K, committed 5312K, reserved 1048576K
}
Event: 1977.267 GC heap after
{Heap after GC invocations=45 (full 0):
 garbage-first heap   total 299008K, used 64425K [0x0000000081400000, 0x0000000100000000)
  region size 1024K, 3 young (3072K), 3 survivors (3072K)
 Metaspace       used 44615K, committed 45056K, reserved 1089536K
  class space    used 5087K, committed 5312K, reserved 1048576K
}
Event: 2980.301 GC heap before
{Heap before GC invocations=45 (full 0):
 garbage-first heap   total 299008K, used 256937K [0x0000000081400000, 0x0000000100000000)
  region size 1024K, 175 young (179200K), 3 survivors (3072K)
 Metaspace       used 45604K, committed 45952K, reserved 1089536K
  class space    used 5206K, committed 5376K, reserved 1048576K
}
Event: 2980.335 GC heap after
{Heap after GC invocations=46 (full 0):
 garbage-first heap   total 299008K, used 85913K [0x0000000081400000, 0x0000000100000000)
  region size 1024K, 7 young (7168K), 7 survivors (7168K)
 Metaspace       used 45604K, committed 45952K, reserved 1089536K
  class space    used 5206K, committed 5376K, reserved 1048576K
}

